<?xml version="1.0" encoding="UTF-8"?>
<testsuite xmlns:xsi="http://www.w3.org/2001/XMLSchema-instance" xsi:noNamespaceSchemaLocation="https://maven.apache.org/surefire/maven-surefire-plugin/xsd/surefire-test-report-3.0.xsd" version="3.0" name="test.MonsterTest" time="2.706" tests="4" errors="0" skipped="0" failures="0">
  <properties>
[...]
</properties>
  <testcase name="testMonsterImagesLoaded" classname="test.MonsterTest" time="0.987">
    <system-out><![CDATA[Positions valides trouvées: 222
Pièces placées: 15
Son chargé: move
Son chargé: hit
Son chargé: win
Son chargé: lose
]]></system-out>
  </testcase>
  <testcase name="testStateChange" classname="test.MonsterTest" time="0.647">
    <system-out><![CDATA[Positions valides trouvées: 222
Pièces placées: 15
Son chargé: move
Son chargé: hit
Son chargé: win
Son chargé: lose
]]></system-out>
  </testcase>
  <testcase name="testMonsterInitialization" classname="test.MonsterTest" time="0.542">
    <system-out><![CDATA[Positions valides trouvées: 222
Pièces placées: 15
Son chargé: move
Son chargé: hit
Son chargé: win
Son chargé: lose
]]></system-out>
  </testcase>
  <testcase name="testChaserMonsterInitialization" classname="test.MonsterTest" time="0.509">
    <system-out><![CDATA[Positions valides trouvées: 222
Pièces placées: 15
Son chargé: move
Son chargé: hit
Son chargé: win
Son chargé: lose
]]></system-out>
  </testcase>
</testsuite>