<?xml version="1.0" encoding="UTF-8"?>
<testsuite xmlns:xsi="http://www.w3.org/2001/XMLSchema-instance" xsi:noNamespaceSchemaLocation="https://maven.apache.org/surefire/maven-surefire-plugin/xsd/surefire-test-report-3.0.xsd" version="3.0" name="test.PlayerTest" time="2.125" tests="8" errors="0" skipped="0" failures="0">
  <properties>
[...]
</properties>
  <testcase name="testDefaultPosition" classname="test.PlayerTest" time="0.292">
    <system-out><![CDATA[Positions valides trouvées: 226
Pièces placées: 15
Porte animée, clé et pièces chargées !
Son chargé: move
Son chargé: hit
Son chargé: win
Son chargé: lose
Images cœurs chargées
 Joueur placé en (20,20)
Nombre de monstres créés : 12
]]></system-out>
  </testcase>
  <testcase name="testPlayerInitialization" classname="test.PlayerTest" time="0.279">
    <system-out><![CDATA[Positions valides trouvées: 226
Pièces placées: 15
Porte animée, clé et pièces chargées !
Son chargé: move
Son chargé: hit
Son chargé: win
Son chargé: lose
Images cœurs chargées
 Joueur placé en (20,20)
Nombre de monstres créés : 12
]]></system-out>
  </testcase>
  <testcase name="testPlayerMovementUpdate" classname="test.PlayerTest" time="0.394">
    <system-out><![CDATA[Positions valides trouvées: 226
Pièces placées: 15
Porte animée, clé et pièces chargées !
Son chargé: move
Son chargé: hit
Son chargé: win
Son chargé: lose
Images cœurs chargées
 Joueur placé en (20,20)
Nombre de monstres créés : 14
]]></system-out>
  </testcase>
  <testcase name="testPlayerImagesLoaded" classname="test.PlayerTest" time="0.29">
    <system-out><![CDATA[Positions valides trouvées: 226
Pièces placées: 15
Porte animée, clé et pièces chargées !
Son chargé: move
Son chargé: hit
Son chargé: win
Son chargé: lose
Images cœurs chargées
 Joueur placé en (20,20)
Nombre de monstres créés : 13
]]></system-out>
  </testcase>
  <testcase name="testPlayerFinalClass" classname="test.PlayerTest" time="0.256">
    <system-out><![CDATA[Positions valides trouvées: 226
Pièces placées: 15
Porte animée, clé et pièces chargées !
Son chargé: move
Son chargé: hit
Son chargé: win
Son chargé: lose
Images cœurs chargées
 Joueur placé en (20,20)
Nombre de monstres créés : 11
]]></system-out>
  </testcase>
  <testcase name="testSpriteAnimation" classname="test.PlayerTest" time="0.2">
    <system-out><![CDATA[Positions valides trouvées: 226
Pièces placées: 15
Porte animée, clé et pièces chargées !
Son chargé: move
Son chargé: hit
Son chargé: win
Son chargé: lose
Images cœurs chargées
 Joueur placé en (20,20)
Nombre de monstres créés : 7
]]></system-out>
  </testcase>
  <testcase name="testDirectionChange" classname="test.PlayerTest" time="0.208">
    <system-out><![CDATA[Positions valides trouvées: 226
Pièces placées: 15
Porte animée, clé et pièces chargées !
Son chargé: move
Son chargé: hit
Son chargé: win
Son chargé: lose
Images cœurs chargées
 Joueur placé en (20,20)
Nombre de monstres créés : 7
]]></system-out>
  </testcase>
  <testcase name="testMultipleUpdatesWithoutMovement" classname="test.PlayerTest" time="0.199">
    <system-out><![CDATA[Positions valides trouvées: 226
Pièces placées: 15
Porte animée, clé et pièces chargées !
Son chargé: move
Son chargé: hit
Son chargé: win
Son chargé: lose
Images cœurs chargées
 Joueur placé en (20,20)
Nombre de monstres créés : 8
]]></system-out>
  </testcase>
</testsuite>