<?xml version="1.0" encoding="UTF-8"?>
<testsuite xmlns:xsi="http://www.w3.org/2001/XMLSchema-instance" xsi:noNamespaceSchemaLocation="https://maven.apache.org/surefire/maven-surefire-plugin/xsd/surefire-test-report-3.0.xsd" version="3.0" name="test.MonsterTest" time="1.368" tests="4" errors="0" skipped="0" failures="0">
  <properties>
[...]
</properties>
  <testcase name="testMonsterImagesLoaded" classname="test.MonsterTest" time="0.507">
    <system-out><![CDATA[Positions valides trouvées: 226
Pièces placées: 15
Porte animée, clé et pièces chargées !
Son chargé: move
Son chargé: hit
Son chargé: win
Son chargé: lose
Images cœurs chargées
 Joueur placé en (20,20)
Nombre de monstres créés : 9
]]></system-out>
  </testcase>
  <testcase name="testStateChange" classname="test.MonsterTest" time="0.282">
    <system-out><![CDATA[Positions valides trouvées: 226
Pièces placées: 15
Porte animée, clé et pièces chargées !
Son chargé: move
Son chargé: hit
Son chargé: win
Son chargé: lose
Images cœurs chargées
 Joueur placé en (20,20)
Nombre de monstres créés : 8
]]></system-out>
  </testcase>
  <testcase name="testMonsterInitialization" classname="test.MonsterTest" time="0.305">
    <system-out><![CDATA[Positions valides trouvées: 226
Pièces placées: 15
Porte animée, clé et pièces chargées !
Son chargé: move
Son chargé: hit
Son chargé: win
Son chargé: lose
Images cœurs chargées
 Joueur placé en (20,20)
Nombre de monstres créés : 12
]]></system-out>
  </testcase>
  <testcase name="testChaserMonsterInitialization" classname="test.MonsterTest" time="0.256">
    <system-out><![CDATA[Positions valides trouvées: 226
Pièces placées: 15
Porte animée, clé et pièces chargées !
Son chargé: move
Son chargé: hit
Son chargé: win
Son chargé: lose
Images cœurs chargées
 Joueur placé en (20,20)
Nombre de monstres créés : 10
]]></system-out>
  </testcase>
</testsuite>